<?xml version="1.0" encoding="utf-8"?><tt xmlns="http://www.w3.org/ns/ttml" ttp:contentProfiles="http://www.w3.org/ns/ttml/profile/imsc1.1/text" ttp:profile="http://www.w3.org/ns/ttml/profile/imsc1.1/text" ttva:model="imsc11" xml:lang="ja" xmlns:ttp="http://www.w3.org/ns/ttml#parameter" xmlns:tts="http://www.w3.org/ns/ttml#styling" xmlns:ttva="http://skynav.com/ns/ttv/annotations"><head><styling><initial tts:fontSize="4rh"/><initial tts:lineHeight="5rh"/><initial tts:showBackground="whenActive"/><style xml:id="s1" tts:fontShear="16.78842%" tts:textAlign="center"/><style xml:id="s2" tts:textAlign="start"/><style xml:id="s3" tts:fontShear="16.78842%"/><style xml:id="s4" tts:textAlign="center"/><style xml:id="s5" tts:fontSize="1.5em 1.0em"/><style xml:id="s6" tts:textEmphasis="dot before"/></styling><layout><region xml:id="横下" tts:displayAlign="after" tts:extent="80rw 15rh" tts:position="center bottom 10rh"/><region xml:id="縦右" tts:extent="15rw 80rh" tts:position="right 10rw center" tts:writingMode="tbrl"/><region xml:id="縦左" tts:displayAlign="after" tts:extent="15rw 80rh" tts:position="left 10rw center" tts:writingMode="tbrl"/></layout></head><body region="横下" xml:space="preserve"><div><p begin="10:00:07:20" end="10:00:09:02" style="s1"><span style="s2">ワトソン</span></p><p begin="10:01:28:01" end="10:01:29:03" region="縦右" style="s3">▽ジョン･ワトソン<br/>医師のブログ△</p><p begin="10:01:29:03" end="10:01:30:06" region="縦右" style="s3">▽ジョン･ワトソン<br/>医師のブログ△</p><p begin="10:01:29:03" end="10:01:30:06" style="s4"><span style="s2">ブログはどう？</span></p><p begin="10:01:31:23" end="10:01:32:20" style="s4"><span style="s2">順調だ</span></p><p begin="10:01:34:05" end="10:01:35:01" style="s4"><span style="s2">とても</span></p><p begin="10:01:35:22" end="10:01:37:05" style="s4"><span style="s2">書いてないのね</span></p><p begin="10:01:37:08" end="10:01:38:28" style="s4"><span style="s2">$信頼問題&quot;とメモしたね</span></p><p begin="10:01:40:11" end="10:01:42:07" style="s4"><span style="s2">逆さまから読んでる</span></p><p begin="10:01:44:15" end="10:01:45:18" style="s4"><span style="s2">意味 分かる？</span></p><p begin="10:01:47:06" end="10:01:48:01" style="s4"><span style="s2">ジョン</span></p><p begin="10:01:50:00" end="10:01:51:00" style="s4"><span style="s2">兵士は<span style="s5">ー</span></span></p><p begin="10:01:51:29" end="10:01:54:19" style="s4"><span style="s2">日常復帰に時間がかかる</span></p><p begin="10:01:55:16" end="10:02:00:14" style="s4"><span style="s2">日々 起きることを<br/>ブログに書けば助けになるわ</span></p><p begin="10:02:02:07" end="10:02:03:27" style="s4"><span style="s2">何も起こらない</span></p><p begin="10:02:38:05" end="10:02:40:14" region="縦右" style="s3">10月12日</p><p begin="10:02:41:13" end="10:02:42:21" style="s1"><span style="s2">車が回せない？</span></p><p begin="10:02:42:24" end="10:02:44:16" style="s4"><span style="s2">出払っているの</span></p><p begin="10:02:45:02" end="10:02:45:26" style="s1"><span style="s2">タクシーを</span></p><p begin="10:02:45:29" end="10:02:47:07" style="s4"><span style="s2">乗り慣れない</span></p><p begin="10:02:49:11" end="10:02:50:05" style="s4"><span style="s2">愛してる</span></p><p begin="10:02:50:10" end="10:02:51:03" style="s4"><span style="s2">何の時に？</span></p><p begin="10:02:51:18" end="10:02:53:09" style="s4"><span style="s2">タクシーに乗って</span></p><p begin="10:03:13:08" end="10:03:14:11" style="s4"><span style="s2">夫は<span style="s5">ー</span></span></p><p begin="10:03:15:17" end="10:03:18:29" style="s4"><span style="s2">幸せな人生を送っていました</span></p><p begin="10:03:19:21" end="10:03:22:18" style="s4"><span style="s2">家庭も仕事も順調でした</span></p><p begin="10:03:23:23" end="10:03:27:01" style="s4"><span style="s2">このように<br/>自ら命を絶ったことは<span style="s5">ー</span></span></p><p begin="10:03:28:09" end="10:03:33:13" style="s4"><span style="s2">私たちにとって謎であり<br/>大きな衝撃です</span></p><p begin="10:03:46:09" end="10:03:48:18" region="縦右" style="s3">11月26日</p><p begin="10:03:52:07" end="10:03:53:19" style="s4"><span style="s2">すぐ戻る</span></p><p begin="10:03:54:04" end="10:03:55:21" style="s4"><span style="s2">傘を取りに家へ</span></p><p begin="10:03:55:24" end="10:03:57:03" style="s4"><span style="s2">入れてやる</span></p><p begin="10:03:57:07" end="10:03:58:08" style="s4"><span style="s2">待ってて</span></p><p begin="10:04:22:00" end="10:04:26:08" style="s1"><span style="s2">$18歳の少年<br/>スポーツセンターで自殺&quot;</span></p><p begin="10:04:29:22" end="10:04:32:06" region="縦右" style="s3">１月27日</p><p begin="10:04:34:05" end="10:04:35:11" style="s4"><span style="s2">彼女 まだ中に？</span></p><p begin="10:04:35:14" end="10:04:37:01" style="s4"><span style="s2">酔っぱらってる</span></p><p begin="10:04:37:14" end="10:04:38:21" style="s4"><span style="s2">車のキーは？</span></p><p begin="10:04:38:28" end="10:04:40:08" style="s4"><span style="s2">取り上げた</span></p><p begin="10:04:42:01" end="10:04:42:27" style="s4"><span style="s2">消えたぞ</span></p><p begin="10:04:57:26" end="10:04:58:19" region="縦右">ダヴェンポート<br/>運輸大臣政務官は<span style="s5">ー</span></p><p begin="10:04:58:19" end="10:05:01:08" region="縦右">ダヴェンポート<br/>運輸大臣政務官は<span style="s5">ー</span></p><p begin="10:04:58:19" end="10:05:01:08" region="縦左" style="s3">ピンク色の研究</p><p begin="10:05:01:08" end="10:05:01:11" region="縦左" style="s3">ピンク色の研究</p><p begin="10:05:01:11" end="10:05:01:19" region="縦左" style="s3">ピンク色の研究</p><p begin="10:05:01:11" end="10:05:01:19" region="縦右">昨夜遅く 遺体で<br/>発見されました</p><p begin="10:05:01:19" end="10:05:04:13" region="縦右">昨夜遅く 遺体で<br/>発見されました</p><p begin="10:05:05:11" end="10:05:08:15" region="縦右">初動捜査では<br/>自殺と判断</p><p begin="10:05:08:19" end="10:05:11:06" region="縦右">別件のパターソン氏<br/>および<span style="s5">ー</span></p><p begin="10:05:11:09" end="10:05:15:07" region="縦右">フィリモア少年の自殺と<br/>類似点が</p><p begin="10:05:15:26" end="10:05:18:26" region="縦右">連続事件として<br/>捜査します</p><p begin="10:05:18:29" end="10:05:23:06" style="s4"><span style="s2">ではレストレード警部が<br/>質疑応答を</span></p><p begin="10:05:24:01" end="10:05:26:07" style="s4"><span style="s2">なぜ連続事件と？</span></p><p begin="10:05:26:23" end="10:05:32:20" style="s4"><span style="s2">同じ毒物が使用され<br/>発見場所は日常の行動圏外</span></p><p begin="10:05:33:10" end="10:05:34:09" style="s4"><span style="s2">予兆なく…</span></p><p begin="10:05:34:12" end="10:05:36:21" style="s4"><span style="s2">連続<span style="s6">自殺</span>だなんて</span></p><p begin="10:05:37:00" end="10:05:38:11" style="s4"><span style="s2">実際 起きた</span></p><p begin="10:05:38:14" end="10:05:40:12" style="s4"><span style="s2">３人の関係は？</span></p><p begin="10:05:40:18" end="10:05:45:01" style="s4"><span style="s2">不明だが つながりが<br/>あると見て捜査中です</span></p><p begin="10:05:48:12" end="10:05:49:29" style="s1"><span style="s2">違う！</span></p><p begin="10:05:50:25" end="10:05:51:26" style="s1"><span style="s2">$違う！&quot;</span></p><p begin="10:05:52:14" end="10:05:54:09" style="s4"><span style="s2">メールは無視を</span></p><p begin="10:05:54:12" end="10:05:55:14" style="s4"><span style="s2">$違う&quot;と</span></p><p begin="10:05:55:17" end="10:05:56:16" style="s4"><span style="s2">無視を</span></p><p begin="10:05:56:19" end="10:06:00:17" style="s4"><span style="s2">質問がなければ<br/>会見を終わります</span></p><p begin="10:06:01:01" end="10:06:03:07" style="s4"><span style="s2">自殺なのに捜査を？</span></p><p begin="10:06:04:08" end="10:06:08:09" style="s4"><span style="s2">３件の自殺には<br/>明らかにつながりが</span></p><p begin="10:06:09:02" end="10:06:13:02" style="s4"><span style="s2">異例の事態ですが<br/>万全の捜査態勢で…</span></p><p begin="10:06:14:16" end="10:06:16:00" style="s1"><span style="s2">違う！</span></p><p begin="10:06:16:15" end="10:06:17:20" style="s4"><span style="s2">まただ</span></p><p begin="10:06:18:18" end="10:06:19:13" style="s4"><span style="s2">質問は？</span></p><p begin="10:06:19:25" end="10:06:22:06" style="s4"><span style="s2">殺人の可能性は？</span></p><p begin="10:06:22:14" end="10:06:24:27" style="s4"><span style="s2">連続殺人では？</span></p><p begin="10:06:25:20" end="10:06:30:18" style="s4"><span style="s2">そのほうがマスコミ向きだが<br/>これは自殺です</span></p><p begin="10:06:30:21" end="10:06:33:24" style="s4"><span style="s2">毒物を自分で摂取している</span></p><p begin="10:06:33:29" end="10:06:37:00" style="s4"><span style="s2">もし殺人なら<br/>どう身を守れば？</span></p><p begin="10:06:37:03" end="10:06:38:20" style="s4"><span style="s2">自殺しないこと</span></p><p begin="10:06:39:22" end="10:06:40:25" style="s4"><span style="s2">大手新聞よ</span></p><p begin="10:06:41:07" end="10:06:45:13" style="s4"><span style="s2">不安は分かりますが<br/>皆さんにお願いしたい</span></p><p begin="10:06:46:00" end="10:06:48:22" style="s4"><span style="s2">どうか常識的な警戒を</span></p><p begin="10:06:48:29" end="10:06:50:29" style="s4"><span style="s2">基本的には安全です</span></p><p begin="10:06:52:14" end="10:06:54:00" style="s1"><span style="s2">違う！</span></p><p begin="10:06:55:18" end="10:06:57:20" style="s1"><span style="s2">待ってる　ＳＨより</span></p><p begin="10:06:59:17" end="10:07:00:14" style="s4"><span style="s2">以上です</span></p><p begin="10:07:04:23" end="10:07:07:21" style="s4"><span style="s2">彼にあんなマネやめさせて</span></p><p begin="10:07:07:29" end="10:07:10:17" style="s4"><span style="s2">からくりが分からない</span></p><p begin="10:07:22:10" end="10:07:24:21" style="s4"><span style="s2">ジョン･ワトソン</span></p><p begin="10:07:26:04" end="10:07:28:26" style="s4"><span style="s2">元同僚の<br/>マイク･スタンフォードだ</span></p><p begin="10:07:28:29" end="10:07:30:22" style="s4"><span style="s2">そうだったね</span></p><p begin="10:07:30:25" end="10:07:32:11" style="s4"><span style="s2">太ったから</span></p><p begin="10:07:33:17" end="10:07:36:02" style="s4"><span style="s2">海外で撃たれたとか</span></p><p begin="10:07:37:09" end="10:07:38:10" style="s4"><span style="s2">撃たれた</span></p><p begin="10:07:44:12" end="10:07:45:24" style="s4"><span style="s2">今も同じ病院に？</span></p><p begin="10:07:46:08" end="10:07:49:23" style="s4"><span style="s2">教えてる<br/>昔の我々みたいな若者にね</span></p><p begin="10:07:50:04" end="10:07:51:09" style="s4"><span style="s2">嫌になるよ</span></p><p begin="10:07:52:05" end="10:07:54:19" style="s4"><span style="s2">ロンドンで療養を？</span></p><p begin="10:07:54:22" end="10:07:56:16" style="s4"><span style="s2">軍の恩給じゃ続かない</span></p><p begin="10:07:56:19" end="10:07:59:26" style="s4"><span style="s2">よそは嫌だろ<br/>私の知るワトソンなら</span></p><p begin="10:07:59:29" end="10:08:01:12" style="s4"><span style="s2">昔の僕じゃない</span></p><p begin="10:08:06:22" end="10:08:08:04" style="s4"><span style="s2">ハリーから援助は？</span></p><p begin="10:08:08:25" end="10:08:10:02" style="s4"><span style="s2">論外だ</span></p><p begin="10:08:10:22" end="10:08:13:18" style="s4"><span style="s2">ルームシェアをすれば？</span></p><p begin="10:08:13:21" end="10:08:15:12" style="s4"><span style="s2">誰が僕なんかと</span></p><p begin="10:08:18:24" end="10:08:19:13" style="s4"><span style="s2">何だ？</span></p><p begin="10:08:19:16" end="10:08:21:28" style="s4"><span style="s2">同じことを言った男が</span></p><p begin="10:08:23:05" end="10:08:24:07" style="s4"><span style="s2">誰だい？</span></p><p begin="10:08:28:08" end="10:08:28:25" style="s4"><span style="s2">鮮度は？</span></p><p begin="10:08:28:28" end="10:08:29:24" style="s4"><span style="s2">来たばかり</span></p><p begin="10:08:29:27" end="10:08:32:21" style="s4"><span style="s2">67歳　老衰<br/>ここで働いてた</span></p><p begin="10:08:33:05" end="10:08:34:25" style="s4"><span style="s2">いい人だったわ</span></p><p begin="10:08:36:02" end="10:08:38:28" style="s4"><span style="s2">乗馬ムチから始めよう</span></p><p begin="10:08:50:09" end="10:08:51:11" style="s4"><span style="s2">ずいぶん<span style="s5">ー</span></span></p><p begin="10:08:51:18" end="10:08:52:28" style="s4"><span style="s2">荒れてるわね</span></p><p begin="10:08:53:26" end="10:08:57:28" style="s4"><span style="s2">アザの経過を報告してくれ<br/>ある捜査に必要だ</span></p><p begin="10:08:58:21" end="10:09:01:17" style="s4"><span style="s2">よければ仕事のあとで…</span></p><p begin="10:09:01:20" end="10:09:03:19" style="s4"><span style="s2">口紅を？</span></p><p begin="10:09:04:15" end="10:09:05:17" style="s4"><span style="s2">ちょっと<span style="s5">ー</span></span></p><p begin="10:09:06:10" end="10:09:07:15" style="s4"><span style="s2">つけ直したの</span></p><p begin="10:09:09:05" end="10:09:10:16" style="s4"><span style="s2">何か言いかけてた</span></p><p begin="10:09:10:28" end="10:09:12:26" style="s4"><span style="s2">よければコーヒーでも</span></p><p begin="10:09:13:17" end="10:09:15:15" style="s4"><span style="s2">上に持ってきてくれ</span></p><p begin="10:09:17:25" end="10:09:18:15" style="s4"><span style="s2">了解</span></p><p begin="10:09:31:17" end="10:09:32:24" style="s4"><span style="s2">昔と違うな</span></p><p begin="10:09:32:27" end="10:09:34:05" style="s4"><span style="s2">病院も変わった</span></p><p begin="10:09:34:08" end="10:09:36:23" style="s4"><span style="s2">携帯を借りたい<br/>僕のは不調だ</span></p><p begin="10:09:36:26" end="10:09:37:26" style="s4"><span style="s2">固定電話は？</span></p><p begin="10:09:38:02" end="10:09:39:09" style="s4"><span style="s2">メールしたい</span></p><p begin="10:09:40:03" end="10:09:42:07" style="s4"><span style="s2">コートのポケットに</span></p><p begin="10:09:43:10" end="10:09:46:06" style="s4"><span style="s2">よければ使ってくれ</span></p><p begin="10:09:46:26" end="10:09:48:21" style="s4"><span style="s2">それはありがたい</span></p><p begin="10:09:49:14" end="10:09:51:20" style="s4"><span style="s2">旧友のジョン･ワトソンだ</span></p><p begin="10:09:55:08" end="10:09:57:06" style="s4"><span style="s2">アフガニスタンかイラク</span></p><p begin="10:10:00:17" end="10:10:02:15" style="s4"><span style="s2">どちらにいた？</span></p><p begin="10:10:05:18" end="10:10:07:11" style="s4"><span style="s2">アフガニスタンだが</span></p><p begin="10:10:07:14" end="10:10:09:12" style="s4"><span style="s2">モリー　悪いね</span></p><p begin="10:10:10:15" end="10:10:11:13" style="s4"><span style="s2">口紅は？</span></p><p begin="10:10:12:10" end="10:10:13:08" style="s4"><span style="s2">落としたの</span></p><p begin="10:10:13:11" end="10:10:17:01" style="s4"><span style="s2">いい修正だったが…<br/>君は口が小さいから</span></p><p begin="10:10:20:19" end="10:10:22:00" style="s4"><span style="s2">バイオリンは？</span></p><p begin="10:10:25:20" end="10:10:26:20" style="s4"><span style="s2">なに？</span></p><p begin="10:10:27:02" end="10:10:30:24" style="s4"><span style="s2">考える時 弾く<br/>何日も話さないことも</span></p><p begin="10:10:30:27" end="10:10:33:20" style="s4"><span style="s2">同居人の短所は<br/>知っておくべきだ</span></p><p begin="10:10:35:21" end="10:10:37:05" style="s4"><span style="s2">彼に僕の話を？</span></p><p begin="10:10:37:16" end="10:10:38:11" style="s4"><span style="s2">してない</span></p><p begin="10:10:38:19" end="10:10:40:06" style="s4"><span style="s2">誰が同居の話を？</span></p><p begin="10:10:40:22" end="10:10:44:14" style="s4"><span style="s2">僕だ　今朝マイクに<br/>ルームシェアの話を</span></p><p begin="10:10:44:27" end="10:10:50:18" style="s4"><span style="s2">その彼がアフガニスタン帰りの<br/>元軍人を連れてきた</span></p><p begin="10:10:51:16" end="10:10:53:02" style="s4"><span style="s2">なぜアフガニスタンと？</span></p><p begin="10:10:53:05" end="10:10:57:00" style="s4"><span style="s2">ロンドン中心部に候補の部屋が</span></p><p begin="10:10:57:06" end="10:10:59:00" style="s4"><span style="s2">明日夜７時に現地で</span></p><p begin="10:10:59:03" end="10:11:02:08" style="s4"><span style="s2">失礼　遺体安置所に<br/>ムチを忘れた</span></p><p begin="10:11:03:12" end="10:11:04:13" style="s4"><span style="s2">それだけ？</span></p><p begin="10:11:04:29" end="10:11:06:03" style="s4"><span style="s2">何が？</span></p><p begin="10:11:07:13" end="10:11:09:12" style="s4"><span style="s2">もう下見を？</span></p><p begin="10:11:11:02" end="10:11:11:28" style="s4"><span style="s2">問題が？</span></p><p begin="10:11:14:16" end="10:11:18:03" style="s4"><span style="s2">お互いのことも<br/>部屋の住所も知らない</span></p><p begin="10:11:19:27" end="10:11:22:13" style="s4"><span style="s2">君は軍医で負傷して帰国</span></p><p begin="10:11:22:16" end="10:11:28:00" style="s4"><span style="s2">兄がいるが助けを求めない<br/>彼の飲酒癖のせいかな</span></p><p begin="10:11:28:03" end="10:11:30:12" style="s4"><span style="s2">兄は最近 妻と別れた</span></p><p begin="10:11:30:15" end="10:11:34:16" style="s4"><span style="s2">セラピストいわく<br/>君の脚は心因性</span></p><p begin="10:11:35:02" end="10:11:37:15" style="s4"><span style="s2">これで十分だろう？</span></p><p begin="10:11:41:04" end="10:11:45:04" style="s4"><span style="s2">僕はシャーロック･ホームズ<br/>住所はベーカー街221Ｂ</span></p><p begin="10:11:45:13" end="10:11:46:11" style="s4"><span style="s2">では</span></p><p begin="10:11:50:17" end="10:11:52:27" style="s4"><span style="s2">いつも あの調子だ</span></p><p begin="10:12:12:04" end="10:12:14:05" style="s1"><span style="s2">送信済み</span></p><p begin="10:12:14:08" end="10:12:17:00" style="s1"><span style="s2">証拠は緑のハシゴだ　ＳＨ</span></p><p begin="10:12:26:07" end="10:12:29:20" style="s1"><span style="s2">$シャーロック･ホームズ&quot;</span></p><p begin="10:12:42:01" end="10:12:44:06" style="s1"><span style="s2">$ベーカー街&quot;</span></p><p begin="10:12:57:29" end="10:12:58:27" style="s4"><span style="s2">やあ</span></p><p begin="10:13:00:07" end="10:13:01:02" style="s4"><span style="s2">ホームズさん</span></p><p begin="10:13:01:05" end="10:13:02:12" style="s4"><span style="s2">シャーロックと</span></p><p begin="10:13:03:07" end="10:13:05:18" style="s4"><span style="s2">高そうな場所だ</span></p><p begin="10:13:05:22" end="10:13:09:17" style="s4"><span style="s2">家主のハドソン夫人が<br/>特別料金で提供を</span></p><p begin="10:13:09:27" end="10:13:14:14" style="s4"><span style="s2">夫の死刑判決に関して<br/>僕が手助けした</span></p><p begin="10:13:14:17" end="10:13:16:27" style="s4"><span style="s2">死刑から救った？</span></p><p begin="10:13:17:11" end="10:13:18:29" style="s4"><span style="s2">死刑確定にした</span></p><p begin="10:13:20:08" end="10:13:21:28" style="s4"><span style="s2">シャーロック</span></p><p begin="10:13:22:16" end="10:13:24:13" style="s4"><span style="s2">ワトソン医師です</span></p><p begin="10:13:24:28" end="10:13:25:22" style="s4"><span style="s2">入って</span></p><p begin="10:13:26:07" end="10:13:27:00" style="s4"><span style="s2">では</span></p><p begin="10:13:53:04" end="10:13:54:25" style="s4"><span style="s2">よさそうだな</span></p><p begin="10:13:56:22" end="10:13:58:00" style="s4"><span style="s2">いい部屋だ</span></p><p begin="10:14:00:18" end="10:14:03:03" style="s4"><span style="s2">僕もそう思った</span></p><p begin="10:14:03:06" end="10:14:05:10" style="s4"><span style="s2">ゴミを片づければ…</span></p><p begin="10:14:08:22" end="10:14:09:14" style="s4"><span style="s2">君の物？</span></p><p begin="10:14:09:17" end="10:14:13:18" style="s4"><span style="s2">もう少し片づけることは<br/>できるよ</span></p><p begin="10:14:14:18" end="10:14:15:16" style="s4"><span style="s2">骸骨だ</span></p><p begin="10:14:15:25" end="10:14:18:19" style="s4"><span style="s2">友人さ　比喩だが</span></p><p begin="10:14:18:27" end="10:14:21:00" style="s4"><span style="s2">どう？　ワトソン先生</span></p><p begin="10:14:22:02" end="10:14:25:24" style="s4"><span style="s2">寝室が２つ必要なら上にも</span></p><p begin="10:14:26:03" end="10:14:27:22" style="s4"><span style="s2">もちろん２つで</span></p><p begin="10:14:27:29" end="10:14:32:17" style="s4"><span style="s2">この界隈は寛大よ<br/>お隣には同性の夫婦が</span></p><p begin="10:14:35:14" end="10:14:38:29" style="s4"><span style="s2">シャーロックったら<br/>散らかして</span></p><p begin="10:14:46:08" end="10:14:48:05" style="s4"><span style="s2">君を検索してみた</span></p><p begin="10:14:50:09" end="10:14:51:08" style="s4"><span style="s2">成果は？</span></p><p begin="10:14:51:16" end="10:14:54:03" style="s4"><span style="s2">君のサイト｢推理の科学｣だ</span></p><p begin="10:14:54:24" end="10:14:55:15" style="s4"><span style="s2">感想は？</span></p><p begin="10:14:58:00" end="10:15:02:13" style="s4"><span style="s2">ネクタイや指を見れば<br/>職業が分かると？</span></p><p begin="10:15:02:16" end="10:15:03:09" style="s4"><span style="s2">そうだ</span></p><p begin="10:15:04:04" end="10:15:08:26" style="s4"><span style="s2">君の顔や脚から軍歴が<br/>携帯から兄のことが分かる</span></p><p begin="10:15:10:03" end="10:15:10:28" style="s4"><span style="s2">方法は？</span></p><p begin="10:15:11:19" end="10:15:16:18" style="s4"><span style="s2">この連続自殺事件<br/>あなた向きじゃない？</span></p><p begin="10:15:16:22" end="10:15:18:29" style="s4"><span style="s2">３人が同じ死に方を</span></p><p begin="10:15:19:10" end="10:15:20:06" style="s4"><span style="s2">４人だ</span></p><p begin="10:15:21:26" end="10:15:24:28" style="s4"><span style="s2">今度は何かが違うらしい</span></p><p begin="10:15:25:01" end="10:15:26:08" style="s4"><span style="s2">４人目？</span></p><p begin="10:15:28:15" end="10:15:29:06" style="s4"><span style="s2">場所は？</span></p><p begin="10:15:29:19" end="10:15:31:16" style="s4"><span style="s2">ブリクストンだ</span></p><p begin="10:15:31:19" end="10:15:34:11" style="s4"><span style="s2">新たな要素があるんだな？</span></p><p begin="10:15:34:18" end="10:15:35:22" style="s4"><span style="s2">書き置き</span></p><p begin="10:15:36:05" end="10:15:38:25" style="s4"><span style="s2">初めて出た　来るか？</span></p><p begin="10:15:39:08" end="10:15:40:05" style="s4"><span style="s2">鑑識は？</span></p><p begin="10:15:40:13" end="10:15:41:11" style="s4"><span style="s2">アンダーソン</span></p><p begin="10:15:42:01" end="10:15:43:10" style="s4"><span style="s2">僕と合わない</span></p><p begin="10:15:43:14" end="10:15:44:17" style="s4"><span style="s2">君の助手では…</span></p><p begin="10:15:44:20" end="10:15:46:06" style="s4"><span style="s2">助手は必要だ</span></p><p begin="10:15:46:09" end="10:15:47:07" style="s4"><span style="s2">来るか？</span></p><p begin="10:15:47:11" end="10:15:48:27" style="s4"><span style="s2">別の車で</span></p><p begin="10:15:49:22" end="10:15:50:18" style="s4"><span style="s2">頼む</span></p><p begin="10:15:59:11" end="10:16:01:17" style="s4"><span style="s2">やった　最高だ</span></p><p begin="10:16:02:16" end="10:16:05:23" style="s4"><span style="s2">連続自殺４件に<br/>書き置きとは</span></p><p begin="10:16:06:02" end="10:16:08:23" style="s4"><span style="s2">遅くなるから 夜食の用意を</span></p><p begin="10:16:08:26" end="10:16:11:10" style="s4"><span style="s2">家政婦じゃないのよ</span></p><p begin="10:16:11:13" end="10:16:12:21" style="s4"><span style="s2">簡単な物でいい</span></p><p begin="10:16:12:24" end="10:16:15:02" style="s4"><span style="s2">ジョン　どうかくつろいで</span></p><p begin="10:16:15:16" end="10:16:16:22" style="s4"><span style="s2">先に寝てくれ</span></p><p begin="10:16:17:01" end="10:16:21:21" style="s4"><span style="s2">せわしないわね<br/>私の夫もああだった</span></p><p begin="10:16:21:28" end="10:16:25:12" style="s4"><span style="s2">あなたは落ち着いた人ね</span></p><p begin="10:16:26:17" end="10:16:28:14" style="s4"><span style="s2">お茶を…　脚を休ませて</span></p><p begin="10:16:28:17" end="10:16:29:14" style="s4"><span style="s2">脚が何だ</span></p><p begin="10:16:29:17" end="10:16:33:18" style="s4"><span style="s2">すみません<br/>時々イラついてしまって</span></p><p begin="10:16:34:02" end="10:16:36:11" style="s4"><span style="s2">分かるわ　私は腰痛よ</span></p><p begin="10:16:36:25" end="10:16:38:17" style="s4"><span style="s2">お茶をもらいます</span></p><p begin="10:16:38:20" end="10:16:40:29" style="s4"><span style="s2">今日だけ特別サービスよ</span></p><p begin="10:16:41:02" end="10:16:42:27" style="s4"><span style="s2">ビスケットも</span></p><p begin="10:16:43:00" end="10:16:44:22" style="s4"><span style="s2">家政婦じゃない</span></p><p begin="10:16:47:02" end="10:16:48:06" style="s1"><span style="s2">$自殺流行&quot;</span></p><p begin="10:16:48:14" end="10:16:49:24" style="s4"><span style="s2">君は医者だ</span></p><p begin="10:16:50:27" end="10:16:52:14" style="s4"><span style="s2">しかも軍医だ</span></p><p begin="10:16:53:28" end="10:16:54:22" style="s4"><span style="s2">そうだ</span></p><p begin="10:16:56:06" end="10:16:57:01" style="s4"><span style="s2">腕前は？</span></p><p begin="10:16:58:20" end="10:16:59:13" style="s4"><span style="s2">優秀</span></p><p begin="10:17:00:15" end="10:17:03:09" style="s4"><span style="s2">むごい死傷者を見てきた</span></p><p begin="10:17:05:18" end="10:17:06:26" style="s4"><span style="s2">トラブルも</span></p><p begin="10:17:06:29" end="10:17:11:06" style="s4"><span style="s2">ああ　人の一生分<br/>経験してしまったよ</span></p><p begin="10:17:12:05" end="10:17:12:28" style="s4"><span style="s2">もっと見たい？</span></p><p begin="10:17:13:04" end="10:17:14:10" style="s4"><span style="s2">いいね</span></p><p begin="10:17:18:17" end="10:17:21:01" style="s4"><span style="s2">ハドソンさん　出かけます</span></p><p begin="10:17:21:06" end="10:17:22:14" style="s4"><span style="s2">２人とも？</span></p><p begin="10:17:23:06" end="10:17:28:07" style="s4"><span style="s2">面白い事件が起きた<br/>家で座っている手はない</span></p><p begin="10:17:28:19" end="10:17:30:19" style="s4"><span style="s2">不謹慎ですよ</span></p><p begin="10:17:30:22" end="10:17:34:10" style="s4"><span style="s2">不謹慎が何だ<br/>ゲームが始まったんですよ</span></p><p begin="10:17:40:05" end="10:17:41:00" style="s4"><span style="s2">タクシー</span></p><p begin="10:18:18:09" end="10:18:19:19" style="s4"><span style="s2">質問は？</span></p><p begin="10:18:19:22" end="10:18:20:22" style="s4"><span style="s2">どこへ？</span></p><p begin="10:18:22:00" end="10:18:23:14" style="s4"><span style="s2">現場だ　次は？</span></p><p begin="10:18:24:14" end="10:18:25:15" style="s4"><span style="s2">君の仕事は？</span></p><p begin="10:18:25:18" end="10:18:26:10" style="s4"><span style="s2">当てて</span></p><p begin="10:18:26:24" end="10:18:29:04" style="s4"><span style="s2">私立探偵に思えるが</span></p><p begin="10:18:29:07" end="10:18:29:28" style="s4"><span style="s2">だが？</span></p><p begin="10:18:30:01" end="10:18:32:10" style="s4"><span style="s2">警察は探偵に相談しない</span></p><p begin="10:18:32:25" end="10:18:36:14" style="s4"><span style="s2">僕は世界初の諮問探偵だ</span></p><p begin="10:18:36:17" end="10:18:37:16" style="s4"><span style="s2">つまり？</span></p><p begin="10:18:37:22" end="10:18:41:11" style="s4"><span style="s2">警察は行き詰まるたび<br/>僕に相談する</span></p><p begin="10:18:41:14" end="10:18:43:19" style="s4"><span style="s2">警察は素人に相談しない</span></p><p begin="10:18:46:20" end="10:18:50:14" style="s4"><span style="s2">アフガニスタンの件で<br/>君は驚いた</span></p><p begin="10:18:50:17" end="10:18:51:12" style="s4"><span style="s2">どう当てた？</span></p><p begin="10:18:51:15" end="10:18:52:15" style="s4"><span style="s2">観察した</span></p><p begin="10:18:53:24" end="10:18:57:24" style="s4"><span style="s2">髪形や姿勢から元軍人と<br/>分かるし あの発言…</span></p><p begin="10:18:57:27" end="10:18:59:03" style="s4"><span style="s2">昔と違うな</span></p><p begin="10:18:59:06" end="10:19:01:28" style="s4"><span style="s2">病院にいたなら軍医だ</span></p><p begin="10:19:02:28" end="10:19:04:09" style="s4"><span style="s2">日焼けした顔…</span></p><p begin="10:19:05:01" end="10:19:08:04" style="s4"><span style="s2">手首は白いから<br/>日光浴以外で海外に</span></p><p begin="10:19:08:17" end="10:19:12:10" style="s4"><span style="s2">歩く時 脚を引きずるが<br/>普通に立っている</span></p><p begin="10:19:12:13" end="10:19:14:10" style="s4"><span style="s2">障害は心因性だ</span></p><p begin="10:19:14:13" end="10:19:18:04" style="s4"><span style="s2">トラウマになる負傷と<br/>いえば戦場</span></p><p begin="10:19:18:07" end="10:19:21:24" style="s4"><span style="s2">総合すれば<br/>アフガニスタンかイラクだ</span></p><p begin="10:19:22:27" end="10:19:24:01" style="s4"><span style="s2">セラピストは？</span></p><p begin="10:19:24:04" end="10:19:27:02" style="s4"><span style="s2">障害が心因性なら<br/>いるはずだ</span></p><p begin="10:19:27:09" end="10:19:28:23" style="s4"><span style="s2">次に兄の件</span></p><p begin="10:19:28:26" end="10:19:31:16" style="s4"><span style="s2">君の携帯は高級モデルだ</span></p><p begin="10:19:31:19" end="10:19:34:11" style="s4"><span style="s2">経済状況からして<br/>贈られた物だ</span></p><p begin="10:19:34:16" end="10:19:38:13" style="s4"><span style="s2">鍵や小銭と一緒に<br/>ポケットに入れた傷が</span></p><p begin="10:19:38:16" end="10:19:42:08" style="s4"><span style="s2">君は乱暴じゃない<br/>前の所有者がやった</span></p><p begin="10:19:42:11" end="10:19:43:16" style="s4"><span style="s2">次は簡単だ</span></p><p begin="10:19:44:18" end="10:19:45:13" style="s4"><span style="s2">彫り文字？</span></p><p begin="10:19:45:22" end="10:19:48:14" style="s4"><span style="s2">ハリー･<span style="s6">ワトソン</span>　家族だ</span></p><p begin="10:19:48:21" end="10:19:50:21" style="s4"><span style="s2">父親じゃない<br/>若者の道具だ</span></p><p begin="10:19:50:24" end="10:19:53:21" style="s4"><span style="s2">従兄か？　だが住居に<br/>困ってるなら<span style="s5">ー</span></span></p><p begin="10:19:53:24" end="10:19:57:22" style="s4"><span style="s2">親しい親戚はいない<br/>つまり兄だ</span></p><p begin="10:19:57:25" end="10:19:59:12" style="s4"><span style="s2">ではクララとは？</span></p><p begin="10:19:59:15" end="10:20:03:10" style="s4"><span style="s2">キスの印入り…<br/>妻からの贈り物だな</span></p><p begin="10:20:04:04" end="10:20:06:16" style="s4"><span style="s2">半年前のモデルだ</span></p><p begin="10:20:06:21" end="10:20:08:23" style="s4"><span style="s2">ここ半年で不仲になり</span></p><p begin="10:20:08:26" end="10:20:13:12" style="s4"><span style="s2">妻の贈り物を弟にやった<br/>彼は妻を捨てたんだ</span></p><p begin="10:20:13:15" end="10:20:15:24" style="s4"><span style="s2">連絡を取りたくて<br/>弟に贈った</span></p><p begin="10:20:15:29" end="10:20:19:00" style="s4"><span style="s2">君は住居の件で<br/>兄に助けを求めない</span></p><p begin="10:20:19:28" end="10:20:23:29" style="s4"><span style="s2">問題があるんだ<br/>義姉が好き？　飲酒癖か？</span></p><p begin="10:20:24:05" end="10:20:27:21" style="s4"><span style="s2">なぜ飲酒だと分かった？</span></p><p begin="10:20:28:11" end="10:20:29:23" style="s4"><span style="s2">そこは当て推量</span></p><p begin="10:20:30:00" end="10:20:34:24" style="s4"><span style="s2">充電端子の周りに傷がある<br/>手が震えるからだ</span></p><p begin="10:20:34:27" end="10:20:38:29" style="s4"><span style="s2">典型的な酒飲みの携帯だ<br/>君は正しいよ</span></p><p begin="10:20:39:07" end="10:20:41:01" style="s4"><span style="s2">僕が正しいって？</span></p><p begin="10:20:41:06" end="10:20:43:25" style="s4"><span style="s2">警察は素人には相談しない</span></p><p begin="10:20:46:01" end="10:20:48:28" style="s4"><span style="s2">すばらしい推理だった</span></p><p begin="10:20:52:08" end="10:20:52:26" style="s4"><span style="s2">そう？</span></p><p begin="10:20:52:29" end="10:20:56:03" style="s4"><span style="s2">まったく見事だったよ</span></p><p begin="10:20:56:11" end="10:20:57:13" style="s4"><span style="s2">珍しい反応だ</span></p><p begin="10:20:57:16" end="10:20:58:23" style="s4"><span style="s2">皆は何と？</span></p><p begin="10:20:59:05" end="10:21:00:11" style="s4"><span style="s2">$うせろ！&quot;</span></p><p begin="10:21:12:18" end="10:21:13:28" style="s4"><span style="s2">間違った点は？</span></p><p begin="10:21:15:08" end="10:21:17:10" style="s4"><span style="s2">ハリーと僕は不仲だ</span></p><p begin="10:21:18:03" end="10:21:22:13" style="s4"><span style="s2">クララとハリーは<br/>３か月前に別れた</span></p><p begin="10:21:23:12" end="10:21:24:27" style="s4"><span style="s2">ハリーは酒飲みだ</span></p><p begin="10:21:25:00" end="10:21:27:05" style="s4"><span style="s2">すべて合っていたな</span></p><p begin="10:21:27:08" end="10:21:29:10" style="s4"><span style="s2">ハリーはハリエットの略</span></p><p begin="10:21:30:16" end="10:21:31:11" style="s4"><span style="s2">姉か</span></p><p begin="10:21:31:14" end="10:21:33:06" style="s4"><span style="s2">僕の役目は？</span></p><p begin="10:21:33:09" end="10:21:34:01" style="s4"><span style="s2">姉か！</span></p><p begin="10:21:34:04" end="10:21:35:23" style="s4"><span style="s2">何をすれば？</span></p><p begin="10:21:35:26" end="10:21:37:02" style="s4"><span style="s2">いつもミスを</span></p><p begin="10:21:37:19" end="10:21:38:20" style="s4"><span style="s2">変人さん</span></p><p begin="10:21:39:03" end="10:21:41:06" style="s4"><span style="s2">レストレードに合流を</span></p><p begin="10:21:41:09" end="10:21:41:29" style="s4"><span style="s2">なぜ？</span></p><p begin="10:21:42:26" end="10:21:43:26" style="s4"><span style="s2">呼ばれた</span></p><p begin="10:21:44:06" end="10:21:44:22" style="s4"><span style="s2">なぜ？</span></p><p begin="10:21:44:25" end="10:21:46:01" style="s4"><span style="s2">見てほしいと</span></p><p begin="10:21:46:04" end="10:21:47:12" style="s4"><span style="s2">私は反対よ</span></p><p begin="10:21:47:15" end="10:21:48:19" style="s4"><span style="s2">知ってる</span></p><p begin="10:21:49:19" end="10:21:51:05" style="s4"><span style="s2">昨夜は外泊を？</span></p><p begin="10:21:52:10" end="10:21:53:17" style="s4"><span style="s2">彼は？</span></p><p begin="10:21:53:20" end="10:21:58:21" style="s4"><span style="s2">同僚のワトソン医師に<br/>サリー･ドノヴァン巡査部長</span></p><p begin="10:21:58:27" end="10:22:02:05" style="s4"><span style="s2">どうやって同僚なんて<br/>見つけたの？</span></p><p begin="10:22:02:08" end="10:22:03:26" style="s4"><span style="s2">ストーカーされた？</span></p><p begin="10:22:03:29" end="10:22:05:07" style="s4"><span style="s2">僕は外に</span></p><p begin="10:22:07:16" end="10:22:08:29" style="s4"><span style="s2">変人が入る</span></p><p begin="10:22:18:15" end="10:22:21:23" style="s4"><span style="s2">アンダーソン　また君か</span></p><p begin="10:22:21:26" end="10:22:25:00" style="s4"><span style="s2">犯罪現場を汚染するなよ</span></p><p begin="10:22:25:10" end="10:22:28:28" style="s4"><span style="s2">分かってる<br/>奥さんは長く留守に？</span></p><p begin="10:22:29:10" end="10:22:31:18" style="s4"><span style="s2">誰かに聞いたんだろ</span></p><p begin="10:22:31:21" end="10:22:33:03" style="s4"><span style="s2">制汗剤</span></p><p begin="10:22:33:17" end="10:22:34:06" style="s4"><span style="s2">何か？</span></p><p begin="10:22:34:20" end="10:22:35:20" style="s4"><span style="s2">男性用だ</span></p><p begin="10:22:36:03" end="10:22:38:00" style="s4"><span style="s2">男だからな</span></p><p begin="10:22:38:03" end="10:22:39:16" style="s4"><span style="s2">サリーと同じ</span></p><p begin="10:22:41:02" end="10:22:43:09" style="s4"><span style="s2">匂うぞ　入っても？</span></p><p begin="10:22:43:12" end="10:22:45:03" style="s4"><span style="s2">何が言いたい</span></p><p begin="10:22:45:12" end="10:22:50:22" style="s4"><span style="s2">サリーが おしゃべりに来て<br/>泊まっただけだろ</span></p><p begin="10:22:51:11" end="10:22:55:08" style="s4"><span style="s2">ひざの状態からして<br/>彼女は床磨きを？</span></p><p begin="10:23:05:29" end="10:23:07:09" style="s4"><span style="s2">これを着て</span></p><p begin="10:23:07:22" end="10:23:08:19" style="s4"><span style="s2">彼は？</span></p><p begin="10:23:09:13" end="10:23:10:08" style="s4"><span style="s2">連れだ</span></p><p begin="10:23:10:17" end="10:23:11:14" style="s4"><span style="s2">誰だ？</span></p><p begin="10:23:11:17" end="10:23:12:29" style="s4"><span style="s2">僕の連れ</span></p><p begin="10:23:15:19" end="10:23:17:01" style="s4"><span style="s2">君は着ないのか？</span></p><p begin="10:23:20:14" end="10:23:21:11" style="s4"><span style="s2">現場は？</span></p><p begin="10:23:21:18" end="10:23:22:19" style="s4"><span style="s2">上だ</span></p><p begin="10:23:30:16" end="10:23:32:03" style="s4"><span style="s2">２分やる</span></p><p begin="10:23:32:27" end="10:23:34:04" style="s4"><span style="s2">超えるかも</span></p><p begin="10:23:35:04" end="10:23:37:21" style="s4"><span style="s2">被害者は<br/>ジェニファー･ウィルソン</span></p><p begin="10:23:37:24" end="10:23:40:05" style="s4"><span style="s2">カード情報を調べてる</span></p><p begin="10:23:40:15" end="10:23:43:22" style="s4"><span style="s2">偶然入った子供が発見した</span></p><p begin="10:24:17:07" end="10:24:18:02" style="s4"><span style="s2">黙れ</span></p><p begin="10:24:19:02" end="10:24:19:19" style="s4"><span style="s2">何も…</span></p><p begin="10:24:19:22" end="10:24:21:11" style="s4"><span style="s2">考えが邪魔だ</span></p><p begin="10:24:33:09" end="10:24:35:14" style="s1"><span style="s2">左利き</span></p><p begin="10:24:37:02" end="10:24:40:12" style="s1"><span style="s2">ＲＡＣＨＥ　ドイツ語で復讐</span></p><p begin="10:24:42:04" end="10:24:44:24" style="s1"><span style="s2">Ｒａｃｈｅｌ　レイチェル</span></p><p begin="10:24:49:16" end="10:24:50:10" style="s1"><span style="s2">水</span></p><p begin="10:24:56:06" end="10:24:56:27" style="s1"><span style="s2">乾燥</span></p><p begin="10:25:02:13" end="10:25:03:17" style="s1"><span style="s2">水</span></p><p begin="10:25:06:20" end="10:25:07:05" style="s1"><span style="s2">きれい</span></p><p begin="10:25:08:08" end="10:25:08:23" style="s1"><span style="s2">きれい</span></p><p begin="10:25:10:00" end="10:25:10:19" style="s1"><span style="s2">きれい</span></p><p begin="10:25:14:07" end="10:25:15:00" style="s1"><span style="s2">汚れ</span></p><p begin="10:25:16:23" end="10:25:20:00" style="s1"><span style="s2">不幸な結婚　10年以上</span></p><p begin="10:25:23:11" end="10:25:24:11" style="s1"><span style="s2">きれい</span></p><p begin="10:25:25:17" end="10:25:26:22" style="s1"><span style="s2">汚れ</span></p><p begin="10:25:27:18" end="10:25:29:24" style="s1"><span style="s2">頻繁に外す</span></p><p begin="10:25:31:11" end="10:25:33:01" style="s1"><span style="s2">浮気相手が何人も</span></p><p begin="10:25:34:11" end="10:25:35:03" style="s4"><span style="s2">収穫は？</span></p><p begin="10:25:37:07" end="10:25:38:01" style="s4"><span style="s2">少々</span></p><p begin="10:25:38:07" end="10:25:39:07" style="s4"><span style="s2">ドイツ人だ</span></p><p begin="10:25:41:07" end="10:25:43:24" style="s4"><span style="s2">$ＲＡＣＨＥ&quot;はドイツ語で…</span></p><p begin="10:25:44:00" end="10:25:45:12" style="s4"><span style="s2">ご苦労</span></p><p begin="10:25:46:12" end="10:25:47:06" style="s4"><span style="s2">ドイツ人？</span></p><p begin="10:25:47:10" end="10:25:47:21" style="s4"><span style="s2">違う　１泊後<br/>カーディフへ帰る予定だった</span></p><p begin="10:25:47:21" end="10:25:51:29" style="s4"><span style="s2">違う　１泊後<br/>カーディフへ帰る予定だった</span></p><p begin="10:25:47:21" end="10:25:51:29" region="縦右" style="s3">イギリスの天気</p><p begin="10:25:51:29" end="10:25:52:21" style="s4"><span style="s2">違う　１泊後<br/>カーディフへ帰る予定だった</span></p><p begin="10:25:52:24" end="10:25:54:03" style="s4"><span style="s2">明白だ</span></p><p begin="10:25:54:06" end="10:25:55:01" style="s4"><span style="s2">なぜ？</span></p><p begin="10:25:55:04" end="10:25:55:28" style="s4"><span style="s2">文字は？</span></p><p begin="10:25:56:01" end="10:25:57:09" style="s4"><span style="s2">どう見る？</span></p><p begin="10:25:58:29" end="10:25:59:25" style="s4"><span style="s2">遺体を</span></p><p begin="10:25:59:28" end="10:26:01:13" style="s4"><span style="s2">外に鑑識が</span></p><p begin="10:26:01:17" end="10:26:02:17" style="s4"><span style="s2">僕と合わない</span></p><p begin="10:26:02:20" end="10:26:04:17" style="s4"><span style="s2">規則に反する</span></p><p begin="10:26:04:20" end="10:26:06:09" style="s4"><span style="s2">僕が必要だろう</span></p><p begin="10:26:08:07" end="10:26:09:05" style="s4"><span style="s2">そうだ</span></p><p begin="10:26:10:15" end="10:26:11:18" style="s4"><span style="s2">最悪だが</span></p><p begin="10:26:11:28" end="10:26:13:04" style="s4"><span style="s2">ワトソン</span></p><p begin="10:26:15:00" end="10:26:16:19" style="s4"><span style="s2">好きにしてくれ</span></p><p begin="10:26:20:02" end="10:26:22:18" style="s4"><span style="s2">少し外してくれ</span></p><p begin="10:26:25:10" end="10:26:26:08" style="s4"><span style="s2">僕は何を？</span></p><p begin="10:26:26:16" end="10:26:27:16" style="s4"><span style="s2">手伝ってくれ</span></p><p begin="10:26:27:19" end="10:26:28:26" style="s4"><span style="s2">ただの同居人だ</span></p><p begin="10:26:28:29" end="10:26:30:01" style="s4"><span style="s2">楽しいぞ</span></p><p begin="10:26:30:10" end="10:26:32:09" style="s4"><span style="s2">死人が転がってるのに</span></p><p begin="10:26:33:02" end="10:26:35:27" style="s4"><span style="s2">もっと深い状況分析を</span></p><p begin="10:26:56:04" end="10:26:59:20" style="s4"><span style="s2">恐らく吐しゃ物による<br/>窒息死</span></p><p begin="10:26:59:25" end="10:27:03:08" style="s4"><span style="s2">酒の臭いはしない<br/>発作か 薬か…</span></p><p begin="10:27:03:11" end="10:27:05:14" style="s4"><span style="s2">新聞を読んだだろう</span></p><p begin="10:27:06:08" end="10:27:08:01" style="s4"><span style="s2">連続自殺の４人目？</span></p><p begin="10:27:08:04" end="10:27:10:24" style="s4"><span style="s2">２分過ぎた　報告を</span></p><p begin="10:27:10:28" end="10:27:12:09" style="s4"><span style="s2">30代後半</span></p><p begin="10:27:12:12" end="10:27:17:07" style="s4"><span style="s2">派手なピンクの服からして<br/>メディア関係の仕事か</span></p><p begin="10:27:17:12" end="10:27:21:25" style="s4"><span style="s2">スーツケースからして<br/>１泊予定でロンドンへ</span></p><p begin="10:27:22:07" end="10:27:25:23" style="s4"><span style="s2">結婚10年以上<br/>だが幸福ではない</span></p><p begin="10:27:25:26" end="10:27:28:14" style="s4"><span style="s2">独身と偽り たびたび浮気を</span></p><p begin="10:27:28:25" end="10:27:30:23" style="s4"><span style="s2">作り話だろ</span></p></div></body></tt>