<?xml version="1.0" encoding="utf-8"?><tt xmlns="http://www.w3.org/ns/ttml" ttp:contentProfiles="http://www.w3.org/ns/ttml/profile/imsc1.1/text" ttp:frameRate="30" ttp:profile="http://www.w3.org/ns/ttml/profile/imsc1.1/text" ttva:model="imsc11" xml:lang="ja" xmlns:ebutts="urn:ebu:tt:style" xmlns:ttp="http://www.w3.org/ns/ttml#parameter" xmlns:tts="http://www.w3.org/ns/ttml#styling" xmlns:ttva="http://skynav.com/ns/ttv/annotations"><head><styling><initial tts:fontSize="4rh"/><initial tts:lineHeight="5rh"/><initial tts:showBackground="whenActive"/><style xml:id="s1" ebutts:multiRowAlign="start" tts:textAlign="center"/><style xml:id="s2" tts:fontStyle="oblique"/><style xml:id="s3" tts:ruby="container"/><style xml:id="s4" tts:ruby="base"/><style xml:id="s5" tts:ruby="text" tts:rubyPosition="before"/><style xml:id="s6" tts:textEmphasis="dot after"/><style xml:id="s7" tts:ruby="text" tts:rubyPosition="after"/></styling><layout><region xml:id="横下" tts:displayAlign="after" tts:extent="80rw 15rh" tts:position="center bottom 10rh"/></layout></head><body region="横下" xml:space="preserve"><div><p begin="00:00:01:26" end="00:00:04:29" style="s1">text <span style="s2"><span style="s3"><span style="s4">nest</span><span style="s5">ruby</span></span></span> text<br/><span style="s2"><span style="s6">n</span></span><span style="s2">es</span><span style="s2"><span style="s6">t</span></span> text <span style="s2">n</span><span style="s2"><span style="s3"><span style="s4">es</span><span style="s7">ruby</span></span></span><span style="s2">t</span></p></div></body></tt>