<?xml version="1.0" encoding="utf-8"?><tt xmlns="http://www.w3.org/ns/ttml" ttp:contentProfiles="http://www.w3.org/ns/ttml/profile/imsc1.1/text" ttp:frameRate="30" ttp:profile="http://www.w3.org/ns/ttml/profile/imsc1.1/text" ttva:model="imsc11" xml:lang="ja" xmlns:ebutts="urn:ebu:tt:style" xmlns:ttp="http://www.w3.org/ns/ttml#parameter" xmlns:tts="http://www.w3.org/ns/ttml#styling" xmlns:ttva="http://skynav.com/ns/ttv/annotations"><head><styling><initial tts:fontSize="4rh"/><initial tts:lineHeight="5rh"/><initial tts:showBackground="whenActive"/><style xml:id="s1" ebutts:multiRowAlign="start" tts:textAlign="center"/><style xml:id="s2" tts:textCombine="all"/></styling><layout><region xml:id="横下" tts:displayAlign="after" tts:extent="80rw 15rh" tts:position="center bottom 10rh"/><region xml:id="縦右" tts:extent="15rw 80rh" tts:position="right 10rw center" tts:writingMode="tbrl"/></layout></head><body region="横下" xml:space="preserve"><div><p begin="00:01:45:00" end="00:01:48:00" region="縦右" style="s1">W<span style="s2">12</span>W<span style="s2">1212</span></p></div></body></tt>