<?xml version="1.0" encoding="utf-8"?><tt xmlns="http://www.w3.org/ns/ttml" ttp:contentProfiles="http://www.w3.org/ns/ttml/profile/imsc1.1/text" ttp:frameRate="30" ttp:profile="http://www.w3.org/ns/ttml/profile/imsc1.1/text" ttva:model="imsc11" xml:lang="ja" xmlns:ttp="http://www.w3.org/ns/ttml#parameter" xmlns:tts="http://www.w3.org/ns/ttml#styling" xmlns:ttva="http://skynav.com/ns/ttv/annotations"><head><styling><initial tts:fontSize="4rh"/><initial tts:lineHeight="5rh"/><initial tts:showBackground="whenActive"/><style xml:id="s1" tts:textAlign="center"/><style xml:id="s2" tts:textAlign="start"/><style xml:id="s3" tts:ruby="container"/><style xml:id="s4" tts:ruby="base"/><style xml:id="s5" tts:ruby="text" tts:rubyPosition="before"/><style xml:id="s6" tts:textEmphasis="dot before"/></styling><layout><region xml:id="横上" tts:extent="80rw 15rh" tts:position="center top 10rh"/><region xml:id="横下" tts:displayAlign="after" tts:extent="80rw 15rh" tts:position="center bottom 10rh"/></layout></head><body region="横下" xml:space="preserve"><div><p begin="00:00:01:00" end="00:00:05:00" region="横上" style="s1"><span style="s2"><span style="s3"><span style="s4">hori</span><span style="s5">ruby</span></span>zontal-<span style="s6">top</span><br/>A of B</span></p></div></body></tt>