<?xml version="1.0" encoding="utf-8"?><tt xmlns="http://www.w3.org/ns/ttml" ttp:contentProfiles="http://www.w3.org/ns/ttml/profile/imsc1.1/text" ttp:frameRate="30" ttp:profile="http://www.w3.org/ns/ttml/profile/imsc1.1/text" ttva:model="imsc11" xml:lang="ja" xmlns:ttp="http://www.w3.org/ns/ttml#parameter" xmlns:tts="http://www.w3.org/ns/ttml#styling" xmlns:ttva="http://skynav.com/ns/ttv/annotations"><head><styling><initial tts:fontSize="4rh"/><initial tts:lineHeight="5rh"/><initial tts:showBackground="whenActive"/><style xml:id="s1" tts:textAlign="center"/><style xml:id="s2" tts:textAlign="start"/><style xml:id="s3" tts:fontSize="1.0em"/></styling><layout><region xml:id="横下" tts:displayAlign="after" tts:extent="80rw 15rh" tts:position="center bottom 10rh"/></layout></head><body region="横下" xml:space="preserve"><div><p begin="00:00:01:00" end="00:00:02:00" style="s1"><span style="s2"><span style="s3">⸺</span></span></p><p begin="00:00:02:00" end="00:00:03:00" style="s1"><span style="s2"><span style="s3">―</span></span></p><p begin="00:00:03:00" end="00:00:04:00" style="s1"><span style="s2"><span style="s3">―</span></span></p><p begin="00:00:04:00" end="00:00:05:00" style="s1"><span style="s2"><span style="s3">―</span></span></p><p begin="00:00:05:00" end="00:00:06:00" style="s1"><span style="s2"><span style="s3">―</span></span></p><p begin="00:00:06:00" end="00:00:07:00" style="s1"><span style="s2"><span style="s3">―</span></span></p><p begin="00:00:07:00" end="00:00:08:00" style="s1"><span style="s2"><span style="s3">―</span></span></p><p begin="00:00:08:00" end="00:00:09:00" style="s1"><span style="s2"><span style="s3">―</span></span></p><p begin="00:00:09:00" end="00:00:10:00" style="s1"><span style="s2"><span style="s3">⸺</span></span></p><p begin="00:00:10:00" end="00:00:11:00" style="s1"><span style="s2"><span style="s3">―</span></span></p></div></body></tt>