<?xml version="1.0" encoding="utf-8"?><tt xmlns="http://www.w3.org/ns/ttml" ttp:contentProfiles="http://www.w3.org/ns/ttml/profile/imsc1.1/text" ttp:frameRate="30" ttp:profile="http://www.w3.org/ns/ttml/profile/imsc1.1/text" ttva:model="imsc11" xml:lang="ja" xmlns:ebutts="urn:ebu:tt:style" xmlns:ttp="http://www.w3.org/ns/ttml#parameter" xmlns:tts="http://www.w3.org/ns/ttml#styling" xmlns:ttva="http://skynav.com/ns/ttv/annotations"><head><styling><initial tts:fontSize="4rh"/><initial tts:lineHeight="5rh"/><initial tts:showBackground="whenActive"/><style xml:id="s1" ebutts:multiRowAlign="start" tts:textAlign="center"/><style xml:id="s2" tts:fontStyle="oblique"/><style xml:id="s3" tts:ruby="container"/><style xml:id="s4" tts:ruby="base"/><style xml:id="s5" tts:ruby="text" tts:rubyPosition="after"/><style xml:id="s6" tts:ruby="text" tts:rubyPosition="before"/></styling><layout><region xml:id="横下" tts:displayAlign="after" tts:extent="80rw 15rh" tts:position="center bottom 10rh"/><region xml:id="縦右" tts:extent="15rw 80rh" tts:position="right 10rw center" tts:writingMode="tbrl"/><region xml:id="縦左" tts:displayAlign="after" tts:extent="15rw 80rh" tts:position="left 10rw center" tts:writingMode="tbrl"/></layout></head><body region="横下" xml:space="preserve"><div><p begin="00:00:02:18" end="00:00:06:16" style="s1">（アナウンス）<br/><span style="s2">二陣戦 東 </span><span style="s2"><span style="s3"><span style="s4">辻</span><span style="s5">つじ</span></span></span><span style="s2">君　西 </span><span style="s2"><span style="s3"><span style="s4">澤井</span><span style="s5">さわい</span></span></span><span style="s2">君</span></p><p begin="00:01:21:15" end="00:01:24:03" region="縦右">（ナレーション）<br/><span style="s2">声優</span><br/><span style="s2">小野</span><span style="s2"><span style="s3"><span style="s4">大輔</span><span style="s5">だいすけ</span></span></span><span style="s2">と下野 </span><span style="s2"><span style="s3"><span style="s4">紘</span><span style="s5">ひろ</span></span></span><span style="s2">が</span></p><p begin="00:01:31:18" end="00:01:34:22" style="s1">（ナレーション）<br/><span style="s2"><span style="s3"><span style="s4">幽助</span><span style="s5">ゆうすけ</span></span></span><span style="s2">は</span><span style="s2"><span style="s3"><span style="s4">桑原</span><span style="s5">くわばら</span></span></span><span style="s2">･</span><span style="s2"><span style="s3"><span style="s4">飛影</span><span style="s5">ひえい</span></span></span><span style="s2">･</span><span style="s2"><span style="s3"><span style="s4">蔵馬</span><span style="s5">くらま</span></span></span><span style="s2">たちと共に</span></p><p begin="00:09:47:23" end="00:09:50:08" region="縦左">（桐仁）<span style="s2"><span style="s3"><span style="s4">頭捻</span><span style="s6">ずぶね</span></span></span><span style="s2">り　</span><span style="s2"><span style="s3"><span style="s4">渦切</span><span style="s6">うずきり</span></span></span><span style="s2">！</span></p><p begin="00:26:13:10" end="00:26:14:26" region="縦左">（ナレーター）<br/><span style="s2">原作者 </span><span style="s2"><span style="s3"><span style="s4">久住</span><span style="s5">くすみ</span></span></span><span style="s2"><span style="s3"><span style="s4">昌之</span><span style="s5">まさゆき</span></span></span><span style="s2">が</span></p></div></body></tt>