<?xml version="1.0" encoding="utf-8"?><tt xmlns="http://www.w3.org/ns/ttml" ttp:contentProfiles="http://www.w3.org/ns/ttml/profile/imsc1.1/text" ttp:frameRate="30" ttp:profile="http://www.w3.org/ns/ttml/profile/imsc1.1/text" ttva:model="imsc11" xml:lang="ja" xmlns:ebutts="urn:ebu:tt:style" xmlns:ttp="http://www.w3.org/ns/ttml#parameter" xmlns:tts="http://www.w3.org/ns/ttml#styling" xmlns:ttva="http://skynav.com/ns/ttv/annotations"><head><styling><initial tts:fontSize="4rh"/><initial tts:lineHeight="5rh"/><initial tts:showBackground="whenActive"/><style xml:id="s1" ebutts:multiRowAlign="start" tts:textAlign="center"/><style xml:id="s2" ebutts:multiRowAlign="start" tts:shear="6.345103%" tts:textAlign="center"/><style xml:id="s3" ebutts:multiRowAlign="start" tts:shear="11.33775%" tts:textAlign="center"/><style xml:id="s4" ebutts:multiRowAlign="start" tts:shear="16.78842%" tts:textAlign="center"/><style xml:id="s5" ebutts:multiRowAlign="start" tts:shear="21.99875%" tts:textAlign="center"/><style xml:id="s6" ebutts:multiRowAlign="start" tts:shear="27.97058%" tts:textAlign="center"/></styling><layout><region xml:id="横下" tts:displayAlign="after" tts:extent="80rw 15rh" tts:position="center bottom 10rh"/></layout></head><body region="横下" xml:space="preserve"><div><p begin="10:00:00:00" end="10:00:01:00" style="s1">斜体</p><p begin="10:00:01:00" end="10:00:02:00" style="s1">斜体</p><p begin="10:00:02:00" end="10:00:03:00" style="s2">斜体</p><p begin="10:00:03:00" end="10:00:04:00" style="s3">斜体</p><p begin="10:00:04:00" end="10:00:05:00" style="s4">斜体</p><p begin="10:00:05:00" end="10:00:06:00" style="s4">斜体</p><p begin="10:00:06:00" end="10:00:07:00" style="s5">斜体</p><p begin="10:00:07:00" end="10:00:08:00" style="s6">斜体</p></div></body></tt>