<?xml version="1.0" encoding="utf-8"?><tt xmlns="http://www.w3.org/ns/ttml" ttp:contentProfiles="http://www.w3.org/ns/ttml/profile/imsc1.1/text" ttp:frameRate="30" ttp:profile="http://www.w3.org/ns/ttml/profile/imsc1.1/text" ttva:model="imsc11" xml:lang="ja" xmlns:ebutts="urn:ebu:tt:style" xmlns:ttp="http://www.w3.org/ns/ttml#parameter" xmlns:tts="http://www.w3.org/ns/ttml#styling" xmlns:ttva="http://skynav.com/ns/ttv/annotations"><head><styling><initial tts:fontSize="4rh"/><initial tts:lineHeight="5rh"/><initial tts:showBackground="whenActive"/><style xml:id="s1" ebutts:multiRowAlign="start" tts:textAlign="center"/><style xml:id="s2" tts:textEmphasis="dot before"/><style xml:id="s3" tts:textEmphasis="dot after"/></styling><layout><region xml:id="横下" tts:displayAlign="after" tts:extent="80rw 15rh" tts:position="center bottom 10rh"/></layout></head><body region="横下" xml:space="preserve"><div><p begin="00:00:58:07" end="00:00:59:11" style="s1"><span style="s2">彼</span>と出会ったの</p><p begin="00:02:12:20" end="00:02:14:16" style="s1">いや<span style="s2">任</span><span style="s2">務</span><span style="s2">で</span>ペルーだ</p><p begin="00:02:31:01" end="00:02:32:12" style="s1">ムダだ リ<span style="s2">サ</span></p><p begin="00:04:29:09" end="00:04:31:20" style="s1">オハイオの“州<span style="s2">鳥</span>”だよ</p><p begin="00:04:34:08" end="00:04:36:06" style="s1">お前は “州<span style="s2">ヤ</span><span style="s2">ロ</span><span style="s2">ウ</span>”だ</p><p begin="00:11:01:07" end="00:11:04:11" style="s1">最近<span style="s2">ご</span><span style="s2">無</span><span style="s2">沙</span><span style="s2">汰</span>なもんで</p><p begin="00:12:23:08" end="00:12:25:03" style="s1"><span style="s2">蝶</span><span style="s2">つ</span><span style="s2">が</span><span style="s2">い</span>になる</p><p begin="01:17:26:18" end="01:17:30:22" style="s1">“彼に抱かれた！<br/><span style="s3">早</span><span style="s3">か</span><span style="s3">っ</span><span style="s3">た</span>けどサイコー”</p></div></body></tt>