<?xml version="1.0" encoding="utf-8"?><tt xmlns="http://www.w3.org/ns/ttml" ttva:model="ttml2" xml:lang="ja" xmlns:ttp="http://www.w3.org/ns/ttml#parameter" xmlns:tts="http://www.w3.org/ns/ttml#styling" xmlns:ttva="http://skynav.com/ns/ttv/annotations"><head><styling><initial tts:fontSize="4vh"/><initial tts:lineHeight="5vh"/><initial tts:showBackground="whenActive"/></styling><layout><region xml:id="横下" tts:displayAlign="after" tts:extent="80vw 15vh" tts:position="center bottom 10vh"/><region xml:id="縦右" tts:extent="15vw 80vh" tts:position="right 10vw center" tts:writingMode="tbrl"/></layout></head><body region="横下" xml:space="preserve"><div><p begin="00:13:07:13" end="00:13:09:18" region="縦右">文文文文<br/>文   文   文   文<br/>文   文   文   文<br/>文　　　文　　　文　　　文</p></div></body></tt>
