<?xml version="1.0" encoding="utf-8"?><tt xmlns="http://www.w3.org/ns/ttml" ttva:model="ttml2" xml:lang="ja" xmlns:ttp="http://www.w3.org/ns/ttml#parameter" xmlns:tts="http://www.w3.org/ns/ttml#styling" xmlns:ttva="http://skynav.com/ns/ttv/annotations"><head><styling><initial tts:fontSize="4vh"/><initial tts:lineHeight="5vh"/><initial tts:showBackground="whenActive"/><style xml:id="s1" tts:textAlign="center"/><style xml:id="s2" tts:textAlign="start"/><style xml:id="s3" tts:fontShear="6.345103%" tts:textAlign="center"/><style xml:id="s4" tts:fontShear="11.33775%" tts:textAlign="center"/><style xml:id="s5" tts:fontShear="16.78842%" tts:textAlign="center"/><style xml:id="s6" tts:fontShear="21.99875%" tts:textAlign="center"/><style xml:id="s7" tts:fontShear="27.97058%" tts:textAlign="center"/></styling><layout><region xml:id="横下" tts:displayAlign="after" tts:extent="80vw 15vh" tts:position="center bottom 10vh"/></layout></head><body region="横下" xml:space="preserve"><div><p begin="10:00:00:00" end="10:00:01:00" style="s1"><span style="s2">斜体</span></p><p begin="10:00:01:00" end="10:00:02:00" style="s1"><span style="s2">斜体</span></p><p begin="10:00:02:00" end="10:00:03:00" style="s3"><span style="s2">斜体</span></p><p begin="10:00:03:00" end="10:00:04:00" style="s4"><span style="s2">斜体</span></p><p begin="10:00:04:00" end="10:00:05:00" style="s5"><span style="s2">斜体</span></p><p begin="10:00:05:00" end="10:00:06:00" style="s5"><span style="s2">斜体</span></p><p begin="10:00:06:00" end="10:00:07:00" style="s6"><span style="s2">斜体</span></p><p begin="10:00:07:00" end="10:00:08:00" style="s7"><span style="s2">斜体</span></p></div></body></tt>
