<?xml version="1.0" encoding="utf-8"?><tt xmlns="http://www.w3.org/ns/ttml" ttva:model="ttml2" xml:lang="ja" xmlns:ttp="http://www.w3.org/ns/ttml#parameter" xmlns:tts="http://www.w3.org/ns/ttml#styling" xmlns:ttva="http://skynav.com/ns/ttv/annotations"><head><styling><initial tts:fontSize="4rh"/><initial tts:lineHeight="5rh"/><initial tts:showBackground="whenActive"/><style xml:id="s1" tts:textAlign="center"/><style xml:id="s2" tts:textAlign="start"/><style xml:id="s3" tts:ruby="container"/><style xml:id="s4" tts:ruby="base"/><style xml:id="s5" tts:ruby="text" tts:rubyPosition="before"/><style xml:id="s6" tts:ruby="text" tts:rubyPosition="after"/><style xml:id="s7" tts:ruby="text"/></styling><layout><region xml:id="横上" tts:extent="80rw 15rh" tts:position="center top 10rh"/><region xml:id="横下" tts:displayAlign="after" tts:extent="80rw 15rh" tts:position="center bottom 10rh"/><region xml:id="横中" tts:displayAlign="center" tts:extent="80rw 15rh"/><region xml:id="縦中" tts:displayAlign="center" tts:extent="15rw 80rh" tts:writingMode="tbrl"/><region xml:id="縦右" tts:extent="15rw 80rh" tts:position="right 10rw center" tts:writingMode="tbrl"/><region xml:id="縦左" tts:displayAlign="after" tts:extent="15rw 80rh" tts:position="left 10rw center" tts:writingMode="tbrl"/></layout></head><body region="横下" xml:space="preserve"><div><p begin="00:00:01:00" end="00:00:02:00" region="縦右" style="s1"><span style="s2"><span style="s3"><span style="s4">Ruby</span><span style="s5">right</span></span></span></p><p begin="00:00:02:00" end="00:00:03:00" region="縦右" style="s1"><span style="s2"><span style="s3"><span style="s4">Ruby</span><span style="s6">left</span></span></span></p><p begin="00:00:03:00" end="00:00:04:00" region="縦左" style="s1"><span style="s2"><span style="s3"><span style="s4">Ruby</span><span style="s5">right</span></span></span></p><p begin="00:00:04:00" end="00:00:05:00" region="縦左" style="s1"><span style="s2"><span style="s3"><span style="s4">Ruby</span><span style="s6">left</span></span></span></p><p begin="00:00:05:00" end="00:00:06:00" region="縦中" style="s1"><span style="s2"><span style="s3"><span style="s4">Ruby</span><span style="s5">right</span></span></span></p><p begin="00:00:06:00" end="00:00:07:00" region="縦中" style="s1"><span style="s2"><span style="s3"><span style="s4">Ruby</span><span style="s6">left</span></span></span></p><p begin="00:00:07:00" end="00:00:08:00" style="s1"><span style="s2"><span style="s3"><span style="s4">Ruby</span><span style="s5">above</span></span></span></p><p begin="00:00:08:00" end="00:00:09:00" style="s1"><span style="s2"><span style="s3"><span style="s4">Ruby</span><span style="s6">below</span></span></span></p><p begin="00:00:09:00" end="00:00:10:00" region="横上" style="s1"><span style="s2"><span style="s3"><span style="s4">Ruby</span><span style="s5">above</span></span></span></p><p begin="00:00:10:00" end="00:00:11:00" region="横上" style="s1"><span style="s2"><span style="s3"><span style="s4">Ruby</span><span style="s6">below</span></span></span></p><p begin="00:00:11:00" end="00:00:12:00" region="横中" style="s1"><span style="s2"><span style="s3"><span style="s4">Ruby</span><span style="s5">above</span></span></span></p><p begin="00:00:12:00" end="00:00:13:00" region="横中" style="s1"><span style="s2"><span style="s3"><span style="s4">Ruby</span><span style="s6">below</span></span></span></p><p begin="00:00:13:00" end="00:00:14:00" region="縦右" style="s1"><span style="s2"><span style="s3"><span style="s4">Ruby</span><span style="s7">right</span></span></span></p><p begin="00:00:14:00" end="00:00:15:00" style="s1"><span style="s2"><span style="s3"><span style="s4">Ruby</span><span style="s7">right</span></span></span></p></div></body></tt>
