<?xml version="1.0" encoding="utf-8"?><tt xmlns="http://www.w3.org/ns/ttml" ttva:model="ttml2" xml:lang="ja" xmlns:ttp="http://www.w3.org/ns/ttml#parameter" xmlns:tts="http://www.w3.org/ns/ttml#styling" xmlns:ttva="http://skynav.com/ns/ttv/annotations"><head><styling><initial tts:fontSize="4vh"/><initial tts:lineHeight="5vh"/><initial tts:showBackground="whenActive"/><style xml:id="s1" tts:textAlign="center"/><style xml:id="s2" tts:textAlign="start"/></styling><layout><region xml:id="横下" tts:displayAlign="after" tts:extent="80vw 15vh" tts:position="center bottom 10vh"/></layout></head><body region="横下" xml:space="preserve"><div><p begin="00:02:01:00" end="00:02:04:00" style="s1"><span style="s2">　f　u　l　l　<br/>full</span></p></div></body></tt>
