<?xml version="1.0" encoding="utf-8"?><tt xmlns="http://www.w3.org/ns/ttml" ttva:model="ttml2" xml:lang="ja" xmlns:tts="http://www.w3.org/ns/ttml#styling" xmlns:ttva="http://skynav.com/ns/ttv/annotations"><head><styling><initial tts:fontSize="4rh"/><initial tts:lineHeight="5rh"/><initial tts:showBackground="whenActive"/><style xml:id="s1" tts:fontShear="16.78842%"/><style xml:id="s2" tts:ruby="container"/><style xml:id="s3" tts:ruby="base"/><style xml:id="s4" tts:ruby="text" tts:rubyPosition="before"/><style xml:id="s5" tts:fontSize="1.5em 1.0em"/><style xml:id="s6" tts:fontShear="16.78842%" tts:textAlign="center"/><style xml:id="s7" tts:textAlign="start"/></styling><layout><region xml:id="横下" tts:displayAlign="after" tts:extent="80rw 15rh" tts:position="center bottom 10rh"/><region xml:id="縦右" tts:extent="15rw 80rh" tts:position="right 10rw center" tts:writingMode="tbrl"/></layout></head><body region="横下" xml:space="preserve"><div><p begin="00:03:15:02" end="00:03:16:02" region="縦右" style="s1">“東京行き”</p><p begin="00:04:14:05" end="00:04:20:06" region="縦右" style="s1">この少年が物語の主人公<br/>チャーリー･バケットだ</p><p begin="00:04:21:11" end="00:04:26:03" region="縦右" style="s1">足の速さも力も人並みで<br/>頭も普通</p><p begin="00:04:27:22" end="00:04:32:19" region="縦右" style="s1">テレホートのつづりか<span style="s2"><span style="s3">ら</span><span style="s4">Terre Haute</span></span><span style="s5">―</span></p><p begin="00:04:32:22" end="00:04:36:02" region="縦右" style="s1">食べ物にも困るほど<br/>貧しかった</p><p begin="00:04:37:18" end="00:04:42:02" region="縦右" style="s1">チャーリーは世界一の<br/>幸運をつかむのだが<span style="s5">―</span></p><p begin="00:04:42:06" end="00:04:44:14" region="縦右" style="s1">本人は まだ知らない</p><p begin="00:05:01:15" end="00:05:03:00" region="縦右" style="s1">ただいま</p><p begin="00:05:03:13" end="00:05:04:13" region="縦右" style="s1">お帰り</p><p begin="00:05:07:01" end="00:05:08:15" region="縦右" style="s1">スープが煮えるわ</p><p begin="00:05:09:21" end="00:05:12:06" region="縦右" style="s1">具は何かある？</p><p begin="00:05:12:06" end="00:05:13:22" region="縦右" style="s1">今年の“虫歯の<span style="s2"><span style="s3">素</span><span style="s4">もと</span></span>”を調べよう</p><p begin="00:05:13:22" end="00:05:16:14" region="縦右" style="s1">キャベツが一番よね</p><p begin="00:05:21:01" end="00:05:24:14" region="縦右" style="s1">チャーリー<br/>こんなのは どうだ？</p><p begin="00:05:28:16" end="00:05:33:00" region="縦右" style="s1">父親は近くの歯磨き工場に<br/>勤めていた</p><p begin="00:05:33:03" end="00:05:37:04" region="縦右" style="s1">長時間 こき使われて<br/>賃金は最低</p><p begin="00:05:37:07" end="00:05:41:18" region="縦右" style="s1">しかし時には<br/>思いがけない拾い物が…</p><p begin="00:05:44:15" end="00:05:46:08" region="縦右" style="s1">ピッタリだよ！</p><p begin="00:05:47:09" end="00:05:48:22" region="縦右" style="s1">何だい？</p><p begin="00:05:54:20" end="00:05:57:09" region="縦右" style="s1">いいパーツがあったんだ</p><p begin="00:05:57:12" end="00:05:58:18" region="縦右" style="s1">どの部分？</p><p begin="00:05:58:21" end="00:06:00:14" region="縦右" style="s1">ウィリー･ウォンカの頭</p><p begin="00:06:00:14" end="00:06:00:18" region="縦右" style="s1">テレホートのつづりか<span style="s2"><span style="s3">ら</span><span style="s4">Terre Haute</span></span><span style="s5">―</span></p><p begin="00:06:00:18" end="00:06:01:22" region="縦右" style="s1">よかったね</p><p begin="00:06:02:02" end="00:06:04:03" region="縦右" style="s1">確かに そっくりだ</p><p begin="00:06:04:06" end="00:06:04:20" region="縦右" style="s1">そう？</p><p begin="00:06:04:23" end="00:06:07:14" region="縦右" style="s1">ああ　ホントだとも</p><p begin="00:06:07:22" end="00:06:11:08" region="縦右" style="s1">わしは本人をこの目で見てる</p><p begin="00:06:11:17" end="00:06:13:09" region="縦右" style="s1">雇われてた</p><p begin="00:06:13:12" end="00:06:14:01" region="縦右" style="s1">彼に？</p><p begin="00:06:14:04" end="00:06:14:23" region="縦右" style="s1">そうさ</p><p begin="00:06:15:02" end="00:06:15:21" region="縦右" style="s1">ええ</p><p begin="00:06:16:01" end="00:06:17:00" region="縦右" style="s1">そうだ</p><p begin="00:06:17:05" end="00:06:19:06" region="縦右" style="s1">ブドウ 大好き</p><p begin="00:06:19:16" end="00:06:23:19" region="縦右" style="s1">わしが もっと<br/>若かったころの話だ</p><p begin="00:06:25:06" end="00:06:26:19" region="縦右" style="s1">ウォンカさんが<br/>町に初めて店を開くと<span style="s5">―</span></p><p begin="00:06:26:19" end="00:06:29:20" region="縦右" style="s1">ウォンカさんが<br/>町に初めて店を開くと<span style="s5">―</span></p><p begin="00:06:26:19" end="00:06:29:20" style="s6"><span style="s7">20年前</span></p></div></body></tt>