<?xml version="1.0" encoding="utf-8"?><tt xmlns="http://www.w3.org/ns/ttml" ttp:profile="http://www.w3.org/ns/ttml/profile/ttml2-presentation" ttva:model="ttml2" xml:lang="ja" xmlns:ttp="http://www.w3.org/ns/ttml#parameter" xmlns:tts="http://www.w3.org/ns/ttml#styling" xmlns:ttva="http://skynav.com/ns/ttv/annotations"><head><styling><initial tts:fontSize="4rh"/><initial tts:lineHeight="5rh"/><initial tts:showBackground="whenActive"/><style xml:id="s1" tts:textAlign="center"/><style xml:id="s2" tts:textAlign="start"/><style xml:id="s3" tts:fontShear="16.78842%"/></styling><layout><region xml:id="横下" tts:displayAlign="after" tts:extent="80rw 15rh" tts:position="center bottom 10rh"/></layout></head><body region="横下" xml:space="preserve"><div><p begin="00:00:27:20" end="00:00:30:00" style="s1"><span style="s2"><span style="s3">でも とうとう倒れたの</span></span></p></div></body></tt>