<?xml version="1.0" encoding="utf-8"?><tt xmlns="http://www.w3.org/ns/ttml" ttva:model="ttml2" xml:lang="ja" xmlns:tts="http://www.w3.org/ns/ttml#styling" xmlns:ttva="http://skynav.com/ns/ttv/annotations"><head><styling><initial tts:fontSize="4rh"/><initial tts:lineHeight="5rh"/><initial tts:showBackground="whenActive"/><style xml:id="s1" tts:textAlign="center"/><style xml:id="s2" tts:textAlign="start"/><style xml:id="s3" tts:fontShear="16.78842%"/><style xml:id="s4" tts:ruby="container"/><style xml:id="s5" tts:ruby="base"/><style xml:id="s6" tts:ruby="text" tts:rubyPosition="before"/><style xml:id="s7" tts:textEmphasis="dot after"/><style xml:id="s8" tts:ruby="text" tts:rubyPosition="after"/></styling><layout><region xml:id="横下" tts:displayAlign="after" tts:extent="80rw 15rh" tts:position="center bottom 10rh"/></layout></head><body region="横下" xml:space="preserve"><div><p begin="00:00:01:26" end="00:00:04:29" style="s1"><span style="s2">text <span style="s3"><span style="s4"><span style="s5">nest</span><span style="s6">ruby</span></span></span> text<br/><span style="s3"><span style="s7">n</span></span><span style="s3">es</span><span style="s3"><span style="s7">t</span></span> text <span style="s3">n</span><span style="s3"><span style="s4"><span style="s5">es</span><span style="s8">ruby</span></span></span><span style="s3">t</span></span></p></div></body></tt>